SF:lib/main.dart
DA:7,0
DA:8,0
DA:12,1
DA:14,1
DA:16,1
DA:19,1
DA:22,1
DA:28,1
DA:29,1
DA:30,0
DA:31,0
LF:11
LH:7
end_of_record
SF:lib/features/dashboard/data/datasource/remote/user_remote_datasource.dart
DA:6,0
DA:7,0
DA:8,0
DA:13,0
DA:15,0
DA:16,0
DA:17,0
DA:18,0
DA:19,0
DA:20,0
DA:22,0
DA:23,0
DA:25,0
LF:13
LH:0
end_of_record
SF:lib/features/dashboard/domain/model/user.dart
DA:7,0
DA:14,0
DA:15,0
DA:16,0
DA:17,0
DA:18,0
DA:19,0
LF:7
LH:0
end_of_record
SF:lib/features/auth/presentation/providers/dio_provider.dart
DA:5,0
DA:6,0
DA:10,0
DA:13,0
DA:14,0
DA:15,0
DA:17,0
DA:19,0
DA:21,0
DA:22,0
DA:24,0
DA:26,0
DA:28,0
DA:29,0
DA:31,0
DA:32,0
DA:33,0
DA:35,0
DA:36,0
DA:37,0
DA:38,0
DA:40,0
LF:22
LH:0
end_of_record
SF:lib/features/dashboard/presentation/pages/main_screen.dart
DA:14,0
DA:16,0
DA:17,0
DA:23,0
DA:25,0
DA:26,0
DA:27,0
DA:35,0
DA:36,0
DA:37,0
DA:55,1
DA:57,0
DA:58,0
DA:62,0
DA:64,0
DA:65,0
DA:66,0
DA:70,0
DA:72,0
DA:73,0
DA:74,0
DA:75,0
DA:80,0
DA:81,0
DA:83,0
DA:85,0
DA:87,0
DA:88,0
DA:93,0
DA:94,0
DA:95,0
DA:96,0
DA:97,0
DA:98,0
DA:100,0
DA:101,0
DA:103,0
DA:104,0
DA:110,0
DA:111,0
DA:112,0
DA:113,0
DA:114,0
DA:115,0
DA:116,0
DA:117,0
DA:118,0
DA:132,0
DA:134,0
DA:135,0
DA:136,0
DA:137,0
DA:138,0
DA:149,0
DA:150,0
DA:152,0
DA:154,0
DA:155,0
DA:156,0
DA:157,0
DA:161,0
DA:162,0
DA:163,0
DA:165,0
DA:166,0
DA:167,0
DA:171,0
DA:173,0
DA:177,0
DA:178,0
DA:180,0
DA:181,0
DA:183,0
DA:184,0
DA:191,0
DA:192,0
DA:194,0
DA:196,0
DA:197,0
DA:198,0
DA:199,0
DA:202,0
DA:203,0
DA:204,0
DA:206,0
DA:208,0
DA:209,0
DA:213,0
DA:221,0
DA:222,0
DA:223,0
DA:224,0
DA:226,0
DA:228,0
DA:229,0
DA:230,0
DA:232,0
DA:234,0
DA:235,0
DA:240,0
DA:241,0
DA:242,0
DA:243,0
DA:248,0
DA:250,0
DA:251,0
DA:252,0
DA:253,0
DA:254,0
DA:261,0
DA:263,0
DA:264,0
DA:265,0
DA:266,0
DA:267,0
DA:270,0
DA:274,0
DA:275,0
DA:276,0
DA:279,0
DA:280,0
DA:281,0
DA:282,0
DA:284,0
DA:285,0
DA:289,0
DA:290,0
DA:306,1
DA:308,0
DA:310,0
DA:311,0
DA:312,0
DA:317,0
DA:318,0
DA:320,0
DA:321,0
DA:326,0
DA:327,0
DA:328,0
DA:330,0
DA:331,0
DA:332,0
DA:333,0
DA:334,0
DA:337,0
DA:339,0
DA:340,0
DA:348,0
DA:349,0
DA:351,0
DA:352,0
DA:353,0
DA:354,0
DA:358,0
DA:360,0
DA:361,0
DA:362,0
DA:366,0
DA:368,0
DA:372,0
DA:379,0
DA:380,0
DA:382,0
DA:385,0
DA:386,0
DA:387,0
DA:390,0
DA:391,0
DA:392,0
DA:394,0
DA:395,0
DA:396,0
DA:398,0
DA:399,0
DA:403,0
DA:416,0
DA:423,1
DA:425,0
DA:427,0
DA:428,0
DA:429,0
DA:430,0
DA:436,0
DA:437,0
DA:438,0
DA:439,0
DA:440,0
DA:441,0
DA:442,0
DA:443,0
DA:444,0
DA:448,0
DA:449,0
DA:450,0
DA:451,0
DA:453,0
DA:455,0
DA:456,0
DA:459,0
DA:460,0
DA:462,0
DA:464,0
DA:466,0
DA:468,0
DA:470,0
DA:471,0
DA:473,0
DA:475,0
DA:481,0
DA:482,0
DA:496,0
DA:499,0
DA:500,0
DA:502,0
DA:503,0
DA:504,0
DA:505,0
DA:506,0
DA:507,0
DA:510,0
DA:511,0
DA:513,0
DA:519,0
DA:520,0
DA:521,0
DA:522,0
DA:525,0
DA:526,0
DA:527,0
DA:529,0
DA:530,0
DA:531,0
DA:532,0
DA:542,0
DA:543,0
DA:547,0
DA:548,0
DA:549,0
DA:562,0
DA:564,0
DA:565,0
DA:566,0
DA:569,0
DA:574,0
DA:575,0
DA:576,0
DA:581,0
DA:583,0
DA:586,0
DA:587,0
DA:588,0
DA:603,0
DA:605,0
DA:606,0
DA:607,0
DA:608,0
DA:610,0
DA:611,0
DA:612,0
DA:614,0
DA:615,0
DA:635,1
DA:637,0
DA:639,0
LF:264
LH:4
end_of_record
SF:lib/features/dashboard/presentation/view_models/groups_view_model.dart
DA:5,3
DA:6,0
DA:7,0
DA:12,2
DA:14,1
DA:15,1
DA:16,1
DA:18,2
DA:19,3
DA:20,2
DA:22,0
DA:23,0
DA:27,0
DA:29,0
DA:30,0
DA:36,0
DA:38,0
DA:39,0
LF:18
LH:8
end_of_record
SF:lib/features/dashboard/presentation/view_models/all_expenses_view_model.dart
DA:6,0
DA:7,0
DA:8,0
DA:9,0
DA:10,0
DA:11,0
DA:14,0
DA:18,0
DA:19,0
DA:24,0
DA:26,0
LF:11
LH:0
end_of_record
SF:lib/features/dashboard/presentation/view_models/group_balances_provider.dart
DA:6,0
DA:7,0
DA:8,0
DA:9,0
DA:10,0
DA:11,0
DA:13,0
DA:14,0
DA:15,0
DA:16,0
LF:10
LH:0
end_of_record
SF:lib/features/dashboard/presentation/pages/add_expense_screen.dart
DA:9,0
DA:11,0
DA:12,0
DA:22,0
DA:24,0
DA:25,0
DA:26,0
DA:29,0
DA:31,0
DA:32,0
DA:33,0
DA:34,0
DA:35,0
DA:38,0
DA:39,0
DA:40,0
DA:41,0
DA:42,0
DA:43,0
DA:47,0
DA:48,0
DA:49,0
DA:50,0
DA:51,0
DA:53,0
DA:54,0
DA:55,0
DA:56,0
DA:57,0
DA:60,0
DA:61,0
DA:62,0
DA:66,0
DA:67,0
DA:68,0
DA:72,0
DA:73,0
DA:74,0
DA:78,0
DA:80,0
DA:83,0
DA:85,0
DA:86,0
DA:87,0
DA:88,0
DA:89,0
DA:90,0
DA:92,0
DA:93,0
DA:94,0
DA:96,0
DA:98,0
DA:99,0
DA:102,0
DA:103,0
DA:104,0
DA:107,0
DA:111,0
DA:113,0
DA:114,0
DA:115,0
DA:116,0
DA:117,0
DA:118,0
DA:126,0
DA:127,0
DA:128,0
DA:130,0
DA:131,0
DA:132,0
DA:133,0
DA:134,0
DA:135,0
DA:143,0
DA:144,0
DA:145,0
DA:147,0
LF:77
LH:0
end_of_record
SF:lib/features/dashboard/presentation/pages/group_detail_screen.dart
DA:16,0
DA:18,1
DA:19,1
DA:23,1
DA:25,1
DA:26,9
DA:29,1
DA:31,3
DA:32,1
DA:34,1
DA:37,1
DA:39,1
DA:44,1
DA:46,0
DA:48,1
DA:49,1
DA:51,0
DA:52,0
DA:57,1
DA:58,0
DA:61,0
DA:62,0
DA:64,0
DA:67,0
DA:72,0
DA:73,0
DA:78,0
DA:79,0
DA:80,0
DA:82,0
DA:91,1
DA:100,1
DA:103,1
DA:104,0
DA:105,0
DA:107,0
DA:109,0
DA:110,0
DA:111,0
DA:112,0
DA:115,0
DA:116,0
DA:129,1
DA:130,1
DA:131,1
DA:133,1
DA:134,1
DA:136,1
DA:137,1
DA:140,1
DA:141,1
DA:146,1
DA:148,1
DA:149,1
DA:150,2
DA:158,1
DA:159,1
DA:160,1
DA:162,1
DA:163,1
DA:164,1
DA:166,1
DA:168,1
DA:171,1
DA:172,4
DA:179,2
DA:180,0
DA:182,0
DA:183,0
DA:184,0
DA:186,0
DA:188,0
DA:191,0
DA:192,0
DA:206,2
DA:207,0
DA:208,0
DA:211,0
DA:213,0
DA:214,0
DA:215,0
DA:216,0
DA:222,0
DA:224,0
DA:240,0
DA:242,0
DA:250,1
DA:251,1
DA:254,1
DA:256,1
DA:257,1
DA:258,1
DA:259,1
DA:265,1
DA:267,1
DA:268,1
DA:270,1
DA:285,1
DA:286,0
DA:292,1
DA:295,1
DA:296,1
DA:303,2
DA:306,3
DA:319,0
DA:320,0
DA:329,2
DA:330,0
DA:331,0
DA:334,0
DA:336,0
DA:337,0
DA:338,0
DA:339,0
DA:345,0
DA:347,0
DA:363,0
DA:364,0
DA:365,0
DA:367,0
DA:368,0
DA:369,0
DA:380,2
DA:381,0
DA:382,0
DA:385,0
DA:387,0
DA:388,0
DA:389,0
DA:390,0
DA:396,0
DA:398,0
DA:414,0
DA:423,0
DA:424,0
DA:425,0
DA:426,0
DA:428,0
DA:429,0
DA:430,0
DA:436,0
DA:437,0
DA:438,0
DA:440,0
DA:442,0
DA:446,0
DA:449,0
DA:450,0
DA:456,0
DA:457,0
DA:459,0
DA:461,0
DA:462,0
DA:464,0
DA:473,0
DA:477,0
DA:480,0
DA:481,0
DA:487,0
DA:488,0
DA:490,0
DA:492,0
DA:493,0
DA:495,0
DA:504,0
DA:508,0
DA:513,0
DA:514,0
DA:525,0
DA:526,0
DA:527,0
DA:530,0
DA:531,0
DA:532,0
DA:533,0
DA:534,0
DA:540,0
DA:541,0
DA:547,0
DA:550,0
DA:554,0
DA:557,0
DA:558,0
DA:559,0
DA:565,0
DA:567,0
DA:568,0
DA:572,0
DA:583,1
DA:585,1
DA:586,1
DA:587,1
DA:590,1
DA:591,0
DA:592,0
DA:593,0
DA:597,1
DA:598,1
DA:599,1
DA:602,1
DA:603,0
DA:604,0
DA:605,0
DA:608,2
DA:610,0
DA:613,0
DA:614,0
DA:615,0
DA:617,0
DA:618,0
DA:620,0
DA:622,0
DA:623,0
DA:624,0
DA:625,0
DA:630,0
DA:631,0
DA:633,0
DA:634,0
DA:640,0
DA:641,0
DA:644,0
DA:646,0
DA:647,0
DA:649,0
DA:651,0
DA:652,0
DA:653,0
DA:654,0
DA:658,0
DA:659,0
DA:670,0
DA:672,0
DA:673,0
DA:674,0
DA:675,0
DA:679,0
DA:688,0
DA:697,0
DA:698,0
DA:700,0
DA:701,0
DA:705,0
DA:706,0
DA:707,0
DA:708,0
DA:710,0
DA:711,0
DA:712,0
DA:719,0
DA:723,0
DA:728,0
DA:729,0
DA:730,0
DA:732,0
DA:735,0
DA:737,0
DA:738,0
DA:740,0
DA:742,0
DA:743,0
DA:746,0
DA:747,0
DA:748,0
DA:751,0
DA:754,0
DA:756,0
DA:757,0
DA:759,0
DA:774,0
DA:775,0
DA:776,0
DA:784,0
DA:785,0
DA:786,0
DA:801,0
DA:802,0
DA:805,0
DA:807,0
DA:809,0
DA:811,0
DA:812,0
DA:814,0
DA:815,0
DA:816,0
DA:817,0
DA:825,0
DA:827,0
DA:828,0
DA:830,0
DA:831,0
DA:832,0
DA:834,0
DA:835,0
DA:843,0
DA:845,0
DA:852,0
DA:855,0
DA:857,0
DA:858,0
DA:859,0
DA:861,0
DA:862,0
DA:865,0
DA:868,0
DA:869,0
DA:877,0
DA:878,0
DA:880,0
DA:883,0
DA:884,0
DA:885,0
DA:888,0
DA:889,0
DA:890,0
DA:892,0
DA:894,0
DA:896,0
DA:897,0
DA:901,0
DA:909,0
DA:910,0
DA:913,0
DA:915,0
DA:917,0
DA:918,0
DA:919,0
DA:922,0
DA:924,0
DA:933,0
DA:934,0
DA:936,0
DA:937,0
DA:938,0
DA:945,0
DA:946,0
DA:952,0
DA:954,0
DA:955,0
DA:956,0
DA:958,0
DA:959,0
LF:342
LH:72
end_of_record
SF:lib/features/dashboard/presentation/pages/profile_screen.dart
DA:13,0
DA:15,1
DA:16,1
DA:36,0
DA:37,0
DA:38,0
DA:46,0
DA:47,0
DA:48,0
DA:52,0
DA:53,0
DA:54,0
DA:56,0
DA:58,0
DA:60,0
DA:61,0
DA:64,0
DA:65,0
DA:66,0
DA:67,0
DA:68,0
DA:72,0
DA:75,0
DA:76,0
DA:79,0
DA:81,0
DA:82,0
DA:85,0
DA:93,0
DA:96,0
DA:97,0
DA:98,0
DA:99,0
DA:104,0
DA:105,0
DA:110,0
DA:111,0
DA:112,0
DA:113,0
DA:114,0
DA:116,0
DA:117,0
DA:124,0
DA:125,0
DA:126,0
DA:127,0
DA:131,0
DA:132,0
DA:133,0
DA:134,0
DA:135,0
DA:140,0
DA:143,0
DA:144,0
DA:145,0
DA:148,0
DA:149,0
DA:150,0
DA:151,0
DA:152,0
DA:156,0
DA:157,0
DA:158,0
DA:165,0
DA:166,0
DA:167,0
DA:168,0
DA:169,0
DA:173,0
DA:175,0
DA:177,0
DA:178,0
DA:179,0
DA:185,0
DA:186,0
DA:189,1
DA:190,1
DA:203,1
DA:205,3
DA:207,1
DA:209,1
DA:210,1
DA:211,1
DA:212,1
DA:213,1
DA:216,2
DA:220,1
DA:221,1
DA:222,1
DA:227,1
DA:228,1
DA:229,0
DA:230,0
DA:231,0
DA:237,1
DA:239,1
DA:241,1
DA:242,1
DA:243,1
DA:244,1
DA:247,1
DA:249,1
DA:254,1
DA:255,1
DA:256,2
DA:257,1
DA:259,1
DA:260,1
DA:261,0
DA:262,1
DA:263,1
DA:264,1
DA:266,1
DA:267,2
DA:268,1
DA:271,1
DA:274,1
DA:276,1
DA:279,1
DA:281,1
DA:301,1
DA:302,1
DA:304,1
DA:305,0
DA:306,1
DA:307,2
DA:308,1
DA:309,1
DA:310,2
DA:312,1
DA:313,0
DA:329,0
DA:330,0
DA:332,0
DA:333,0
DA:334,0
DA:342,0
DA:343,0
DA:344,0
DA:350,0
DA:351,0
DA:352,0
DA:353,0
DA:354,0
DA:355,0
DA:356,0
DA:357,0
DA:363,0
DA:364,0
DA:365,0
DA:366,0
DA:367,0
DA:369,0
DA:370,0
DA:371,0
DA:373,0
DA:375,0
DA:378,0
DA:379,0
DA:397,0
DA:401,0
DA:403,0
DA:405,0
DA:406,0
DA:408,0
DA:409,0
DA:414,0
DA:415,0
DA:417,0
DA:419,0
DA:420,0
DA:430,0
DA:432,0
DA:447,0
DA:448,0
DA:449,0
DA:450,0
DA:452,0
DA:454,0
DA:455,0
DA:456,0
DA:468,0
DA:469,0
DA:470,0
DA:471,0
DA:485,0
DA:486,0
DA:500,0
DA:501,0
DA:502,0
DA:503,0
DA:505,0
DA:506,0
DA:508,0
DA:509,0
DA:511,0
DA:513,0
LF:197
LH:52
end_of_record
SF:lib/features/dashboard/domain/model/group.dart
DA:9,1
DA:18,0
DA:19,0
DA:20,0
DA:21,0
DA:22,0
DA:23,0
DA:24,0
DA:25,0
LF:9
LH:1
end_of_record
SF:lib/features/dashboard/domain/model/expense.dart
DA:10,0
DA:20,0
DA:21,0
DA:22,0
DA:23,0
DA:24,0
DA:25,0
DA:26,0
DA:27,0
DA:28,0
DA:36,0
DA:37,0
DA:38,0
DA:44,0
DA:45,0
DA:46,0
LF:16
LH:0
end_of_record
SF:lib/features/dashboard/presentation/view_models/user_provider.dart
DA:6,3
DA:7,0
DA:8,0
DA:10,0
DA:13,0
DA:14,0
DA:15,0
DA:16,0
DA:20,0
DA:21,0
DA:22,0
DA:23,0
DA:24,0
DA:25,0
LF:14
LH:1
end_of_record
SF:lib/features/profile/data/datasource/profile_remote_datasource.dart
DA:9,0
DA:10,0
DA:11,0
DA:12,0
DA:14,0
DA:15,0
DA:18,0
DA:22,0
DA:23,0
DA:25,0
DA:27,0
DA:28,0
DA:29,0
DA:33,0
DA:34,0
DA:35,0
DA:37,0
DA:38,0
DA:40,0
DA:41,0
DA:44,0
DA:46,0
DA:47,0
DA:50,0
DA:53,0
DA:54,0
DA:56,0
DA:57,0
DA:58,0
DA:59,0
DA:62,0
DA:63,0
DA:64,0
DA:65,0
DA:66,0
DA:71,0
DA:73,0
DA:74,0
DA:75,0
DA:78,0
DA:79,0
DA:82,0
DA:83,0
DA:86,0
DA:87,0
DA:88,0
DA:91,0
DA:92,0
DA:94,0
DA:95,0
DA:96,0
LF:51
LH:0
end_of_record
SF:lib/features/dashboard/data/datasource/remote/group_remote_datasource.dart
DA:7,0
DA:8,0
DA:9,0
DA:14,0
DA:16,0
DA:17,0
DA:18,0
DA:19,0
DA:20,0
DA:22,0
DA:26,0
DA:27,0
DA:28,0
DA:29,0
DA:31,0
DA:35,0
DA:36,0
DA:37,0
DA:38,0
DA:40,0
DA:44,0
DA:45,0
DA:46,0
DA:47,0
LF:24
LH:0
end_of_record
SF:lib/features/splash/presentation/pages/splash_page.dart
DA:6,0
DA:7,0
DA:11,1
DA:13,0
DA:15,0
DA:18,0
DA:21,0
DA:32,1
DA:34,1
DA:35,1
DA:47,1
DA:49,1
DA:51,2
DA:56,2
DA:57,1
DA:61,3
DA:62,1
DA:63,1
DA:68,2
DA:69,1
DA:71,1
DA:72,1
DA:73,1
DA:79,2
DA:80,3
DA:83,2
DA:85,1
DA:86,0
DA:87,0
DA:88,0
DA:89,0
DA:90,0
DA:91,0
DA:103,0
DA:105,0
DA:106,0
DA:109,1
DA:111,2
DA:112,2
DA:114,1
DA:116,1
DA:117,1
DA:119,4
DA:120,1
DA:121,5
DA:122,5
DA:123,1
DA:124,2
DA:125,1
DA:126,1
DA:134,1
DA:135,3
DA:136,3
DA:137,1
DA:140,4
DA:147,1
DA:148,1
DA:150,1
DA:152,1
DA:153,1
DA:154,1
DA:155,1
DA:156,1
DA:157,1
DA:158,1
DA:159,1
DA:162,1
DA:164,1
DA:165,1
DA:166,1
DA:168,1
DA:174,1
DA:177,1
DA:179,1
DA:183,1
DA:184,1
DA:185,1
DA:186,1
DA:189,2
DA:193,3
DA:194,0
DA:197,0
DA:198,0
DA:199,0
DA:200,0
DA:203,0
DA:205,0
DA:223,1
DA:224,1
DA:227,1
DA:228,1
DA:229,1
DA:237,1
DA:238,1
DA:239,1
DA:240,1
DA:242,1
DA:243,0
DA:244,0
DA:245,0
DA:247,0
DA:251,0
DA:253,1
DA:255,1
DA:258,1
DA:267,1
DA:269,1
DA:272,1
DA:284,1
DA:285,1
DA:288,1
DA:289,1
DA:290,1
DA:298,1
DA:299,1
DA:300,1
DA:321,1
DA:322,2
DA:323,3
DA:324,4
DA:325,4
DA:333,0
DA:335,0
DA:337,0
DA:338,0
DA:339,0
DA:340,0
DA:341,0
DA:343,0
DA:344,0
DA:345,0
DA:346,0
DA:349,0
DA:351,0
DA:352,0
DA:358,0
DA:360,0
DA:368,1
DA:370,1
DA:371,1
DA:378,1
DA:380,1
DA:381,2
DA:384,1
DA:387,0
DA:389,0
DA:390,0
DA:393,1
DA:395,1
DA:397,2
DA:398,1
DA:399,1
DA:400,1
DA:402,6
DA:403,6
DA:404,6
DA:406,1
DA:408,1
DA:410,1
DA:412,1
DA:415,1
DA:416,2
LF:162
LH:116
end_of_record
SF:lib/features/auth/presentation/pages/login_page.dart
DA:12,1
DA:14,1
DA:15,1
DA:41,1
DA:43,2
DA:44,2
DA:45,1
DA:48,0
DA:49,0
DA:50,0
DA:51,0
DA:53,0
DA:54,0
DA:58,0
DA:59,0
DA:63,0
DA:64,0
DA:66,0
DA:69,0
DA:71,0
DA:72,0
DA:75,0
DA:76,0
DA:77,0
DA:80,0
DA:81,0
DA:82,0
DA:85,0
DA:86,0
DA:87,0
DA:96,0
DA:98,0
DA:99,0
DA:100,0
DA:101,0
DA:103,0
DA:104,0
DA:106,0
DA:107,0
DA:108,0
DA:109,0
DA:113,0
DA:115,0
DA:116,0
DA:119,0
DA:120,0
DA:121,0
DA:123,0
DA:124,0
DA:125,0
DA:126,0
DA:128,0
DA:129,0
DA:130,0
DA:133,0
DA:136,0
DA:138,0
DA:140,0
DA:146,0
DA:148,0
DA:149,0
DA:150,0
DA:152,0
DA:156,0
DA:160,0
DA:161,0
DA:162,0
DA:163,0
DA:169,1
DA:171,3
DA:173,1
DA:175,1
DA:178,1
DA:180,0
DA:183,1
DA:184,1
DA:186,1
DA:188,1
DA:200,1
DA:201,1
DA:207,1
DA:208,1
DA:211,1
DA:213,5
DA:216,1
DA:218,1
DA:219,1
DA:220,1
DA:221,1
DA:224,1
DA:225,1
DA:227,2
DA:228,0
DA:235,1
DA:236,0
DA:239,1
DA:241,1
DA:247,1
DA:249,1
DA:251,1
DA:252,1
DA:253,1
DA:255,2
DA:258,1
DA:260,1
DA:266,1
DA:267,2
DA:268,1
DA:271,1
DA:272,2
DA:273,1
DA:275,1
DA:276,2
DA:279,1
DA:292,1
DA:294,1
DA:295,1
DA:296,1
DA:303,1
DA:304,1
DA:306,1
DA:315,1
DA:324,1
DA:325,1
DA:327,1
DA:328,1
DA:330,1
DA:334,1
DA:337,1
DA:339,1
DA:340,1
LF:131
LH:67
end_of_record
SF:lib/core/services/api_service.dart
DA:10,0
DA:12,0
DA:15,0
DA:17,0
DA:20,0
DA:21,0
DA:27,0
DA:33,0
DA:36,0
DA:37,0
DA:38,0
DA:40,0
DA:41,0
DA:43,0
DA:44,0
DA:46,0
DA:47,0
DA:48,0
DA:50,0
DA:51,0
DA:53,0
DA:54,0
DA:55,0
DA:56,0
DA:57,0
DA:59,0
DA:61,0
DA:62,0
DA:63,0
DA:68,0
DA:70,0
DA:72,0
DA:73,0
DA:74,0
DA:75,0
DA:77,0
DA:78,0
DA:80,0
DA:82,0
DA:87,0
DA:89,0
DA:91,0
DA:94,0
DA:95,0
DA:96,0
DA:97,0
DA:99,0
DA:100,0
LF:48
LH:0
end_of_record
SF:lib/features/auth/data/datasource/local/local_auth_datasource.dart
DA:6,0
DA:8,0
DA:9,0
DA:10,0
DA:11,0
DA:13,0
DA:18,0
DA:20,0
DA:21,0
DA:22,0
DA:25,0
DA:29,0
DA:35,0
DA:37,0
DA:38,0
DA:39,0
DA:40,0
DA:41,0
DA:43,0
LF:19
LH:0
end_of_record
SF:lib/features/auth/data/datasource/remote/remote_auth_datasource.dart
DA:20,0
DA:23,0
DA:25,0
DA:26,0
DA:27,0
DA:30,0
DA:31,0
DA:33,0
DA:36,0
DA:40,0
DA:48,0
DA:49,0
DA:50,0
DA:52,0
DA:59,0
DA:62,0
DA:63,0
DA:65,0
DA:66,0
DA:69,0
DA:72,0
DA:74,0
DA:76,0
DA:79,0
DA:82,0
DA:85,0
DA:86,0
DA:91,0
DA:94,0
DA:95,0
DA:97,0
DA:102,0
DA:105,0
DA:106,0
DA:108,0
DA:109,0
DA:112,0
DA:115,0
DA:117,0
DA:119,0
DA:120,0
DA:123,0
DA:126,0
DA:129,0
DA:130,0
DA:135,0
DA:138,0
DA:139,0
DA:141,0
DA:142,0
DA:144,0
DA:147,0
DA:152,0
DA:155,0
DA:159,0
DA:160,0
DA:161,0
DA:163,0
DA:166,0
LF:59
LH:0
end_of_record
SF:lib/features/dashboard/presentation/pages/home_screen.dart
DA:10,1
DA:12,1
DA:13,1
DA:25,1
DA:27,1
DA:28,3
DA:29,5
DA:33,1
DA:35,1
DA:37,1
DA:38,1
DA:39,1
DA:40,1
DA:41,2
DA:48,1
DA:49,1
DA:52,1
DA:53,1
DA:54,1
DA:59,1
DA:61,1
DA:64,1
DA:66,2
DA:69,1
DA:70,1
DA:71,1
DA:72,1
DA:73,1
DA:74,1
DA:88,1
DA:89,3
DA:90,1
DA:91,0
DA:92,0
DA:93,1
DA:94,1
DA:95,1
DA:96,1
DA:98,1
DA:99,2
DA:101,2
DA:106,0
DA:108,0
DA:109,0
DA:115,0
DA:116,0
DA:119,0
DA:120,0
DA:122,0
DA:124,0
DA:125,0
DA:129,0
DA:130,0
DA:131,0
DA:132,0
DA:135,0
DA:136,0
DA:137,0
DA:138,0
DA:145,0
DA:146,0
DA:147,0
DA:148,0
DA:150,0
DA:151,0
DA:152,0
DA:153,0
DA:154,0
DA:157,0
DA:159,0
DA:160,0
DA:170,0
DA:171,0
DA:172,0
DA:173,0
DA:183,0
DA:185,0
DA:186,0
DA:187,0
DA:188,0
DA:189,0
DA:196,0
DA:198,0
DA:199,0
DA:201,0
DA:202,0
DA:203,0
DA:206,0
DA:210,0
DA:211,0
DA:212,0
DA:215,0
DA:216,0
DA:217,0
DA:218,0
DA:220,0
DA:221,0
DA:225,0
DA:226,0
DA:230,0
LF:100
LH:39
end_of_record
SF:lib/features/auth/presentation/pages/signup_page.dart
DA:9,1
DA:11,2
DA:12,2
DA:41,2
DA:43,4
DA:44,4
DA:45,4
DA:46,4
DA:47,2
DA:50,1
DA:51,3
DA:52,3
DA:53,2
DA:54,2
DA:56,1
DA:57,1
DA:58,1
DA:59,1
DA:60,1
DA:64,2
DA:65,1
DA:69,1
DA:70,1
DA:74,0
DA:75,0
DA:79,0
DA:82,0
DA:89,0
DA:91,0
DA:92,0
DA:93,0
DA:94,0
DA:95,0
DA:99,0
DA:100,0
DA:103,0
DA:104,0
DA:109,0
DA:111,0
DA:113,0
DA:114,0
DA:115,0
DA:116,0
DA:124,0
DA:125,0
DA:127,0
DA:130,0
DA:134,1
DA:135,3
DA:136,2
DA:140,2
DA:142,2
DA:144,2
DA:147,2
DA:149,0
DA:152,2
DA:153,2
DA:155,2
DA:156,2
DA:157,2
DA:165,2
DA:166,2
DA:173,2
DA:174,2
DA:182,2
DA:183,2
DA:186,2
DA:188,1
DA:189,4
DA:194,2
DA:195,2
DA:198,2
DA:200,0
DA:205,2
DA:206,2
DA:207,2
DA:208,2
DA:210,4
DA:218,2
DA:221,2
DA:222,4
DA:223,2
DA:225,2
DA:226,2
DA:229,2
DA:244,2
DA:247,2
DA:248,2
DA:249,2
DA:251,2
DA:252,2
DA:269,2
DA:279,2
DA:280,2
DA:282,2
DA:283,2
DA:285,2
DA:290,2
DA:293,2
DA:295,2
DA:296,2
LF:101
LH:75
end_of_record
SF:lib/features/dashboard/data/datasource/remote/expense_remote_datasource.dart
DA:6,0
DA:7,0
DA:8,0
DA:13,0
DA:15,0
DA:22,0
DA:30,0
DA:31,0
DA:33,0
DA:37,0
DA:38,0
DA:39,0
DA:40,0
LF:13
LH:0
end_of_record
SF:lib/features/dashboard/domain/model/group_detail.dart
DA:12,1
DA:19,0
DA:20,0
DA:21,0
DA:22,0
DA:23,0
DA:24,0
LF:7
LH:1
end_of_record
SF:lib/features/dashboard/data/datasource/remote/settlement_remote_datasource.dart
DA:6,0
DA:7,0
DA:8,0
DA:13,0
DA:16,0
DA:23,0
DA:25,0
DA:32,0
DA:34,0
DA:35,0
DA:37,0
DA:39,0
DA:40,0
DA:41,0
DA:42,0
DA:43,0
DA:45,0
DA:47,0
DA:48,0
DA:53,0
DA:55,0
DA:57,0
DA:59,0
DA:61,0
DA:62,0
DA:63,0
DA:65,0
DA:67,0
DA:68,0
DA:69,0
DA:70,0
DA:72,0
DA:74,0
DA:75,0
DA:80,0
DA:82,0
DA:84,0
DA:86,0
DA:88,0
DA:89,0
DA:91,0
DA:92,0
DA:93,0
DA:94,0
DA:96,0
DA:98,0
DA:99,0
LF:47
LH:0
end_of_record
SF:lib/features/dashboard/domain/model/settlement.dart
DA:9,0
DA:18,0
DA:19,0
DA:20,0
DA:21,0
DA:22,0
DA:23,0
DA:24,0
DA:25,0
LF:9
LH:0
end_of_record
SF:lib/features/dashboard/domain/model/balance.dart
DA:4,0
DA:5,0
DA:6,0
LF:3
LH:0
end_of_record
SF:lib/features/dashboard/presentation/view_models/add_expense_view_model.dart
DA:5,0
DA:6,0
DA:7,0
DA:12,0
DA:14,0
DA:21,0
DA:23,0
DA:30,0
DA:32,0
LF:9
LH:0
end_of_record
SF:lib/features/dashboard/presentation/view_models/group_detail_view_model.dart
DA:5,3
DA:6,0
DA:7,0
DA:12,2
DA:14,1
DA:15,1
DA:17,2
DA:18,2
DA:20,0
LF:9
LH:6
end_of_record
SF:lib/features/dashboard/presentation/view_models/settlement_view_model.dart
DA:4,0
DA:5,0
DA:6,0
DA:11,0
DA:13,0
DA:20,0
DA:27,0
LF:7
LH:0
end_of_record
